{
  "C:\\brief simplon\\exo_cicd\\server\\src\\config\\data-source.ts": {
    "path": "C:\\brief simplon\\exo_cicd\\server\\src\\config\\data-source.ts",
    "statementMap": {
      "0": {
        "start": { "line": 1, "column": 0 },
        "end": { "line": 1, "column": 26 }
      },
      "1": {
        "start": { "line": 2, "column": 0 },
        "end": { "line": 2, "column": 28 }
      },
      "2": {
        "start": { "line": 3, "column": 0 },
        "end": { "line": 3, "column": 37 }
      },
      "3": {
        "start": { "line": 4, "column": 0 },
        "end": { "line": 4, "column": 61 }
      },
      "4": {
        "start": { "line": 6, "column": 0 },
        "end": { "line": 6, "column": 16 }
      },
      "5": {
        "start": { "line": 8, "column": 13 },
        "end": { "line": 18, "column": 3 }
      }
    },
    "fnMap": {},
    "branchMap": {
      "0": {
        "loc": {
          "start": { "line": 11, "column": 16 },
          "end": { "line": 11, "column": 45 }
        },
        "type": "binary-expr",
        "locations": [
          {
            "start": { "line": 11, "column": 16 },
            "end": { "line": 11, "column": 35 }
          },
          {
            "start": { "line": 11, "column": 39 },
            "end": { "line": 11, "column": 45 }
          }
        ]
      }
    },
    "s": { "0": 1, "1": 1, "2": 1, "3": 1, "4": 1, "5": 1 },
    "f": {},
    "b": { "0": [1, 0] }
  },
  "C:\\brief simplon\\exo_cicd\\server\\src\\modules\\user\\domain\\user.entity.ts": {
    "path": "C:\\brief simplon\\exo_cicd\\server\\src\\modules\\user\\domain\\user.entity.ts",
    "statementMap": {
      "0": {
        "start": { "line": 1, "column": 0 },
        "end": { "line": 1, "column": 65 }
      },
      "1": {
        "start": { "line": 4, "column": 7 },
        "end": { "line": 18, "column": null }
      },
      "2": {
        "start": { "line": 4, "column": 13 },
        "end": { "line": 4, "column": 17 }
      },
      "3": {
        "start": { "line": 6, "column": 2 },
        "end": { "line": 6, "column": null }
      },
      "4": {
        "start": { "line": 9, "column": 2 },
        "end": { "line": 9, "column": null }
      },
      "5": {
        "start": { "line": 12, "column": 2 },
        "end": { "line": 12, "column": null }
      },
      "6": {
        "start": { "line": 15, "column": 2 },
        "end": { "line": 15, "column": null }
      },
      "7": {
        "start": { "line": 4, "column": 13 },
        "end": { "line": 18, "column": null }
      }
    },
    "fnMap": {},
    "branchMap": {},
    "s": { "0": 1, "1": 1, "2": 1, "3": 1, "4": 1, "5": 1, "6": 1, "7": 1 },
    "f": {},
    "b": {}
  },
  "C:\\brief simplon\\exo_cicd\\server\\src\\modules\\user\\domain\\user.repository.ts": {
    "path": "C:\\brief simplon\\exo_cicd\\server\\src\\modules\\user\\domain\\user.repository.ts",
    "statementMap": {
      "0": {
        "start": { "line": 1, "column": 0 },
        "end": { "line": 1, "column": 63 }
      },
      "1": {
        "start": { "line": 2, "column": 0 },
        "end": { "line": 2, "column": 40 }
      },
      "2": {
        "start": { "line": 5, "column": 17 },
        "end": { "line": 5, "column": 50 }
      },
      "3": {
        "start": { "line": 7, "column": 4 },
        "end": { "line": 7, "column": 42 }
      },
      "4": {
        "start": { "line": 11, "column": 4 },
        "end": { "line": 11, "column": 34 }
      },
      "5": {
        "start": { "line": 14, "column": 4 },
        "end": { "line": 14, "column": 42 }
      },
      "6": {
        "start": { "line": 17, "column": 4 },
        "end": { "line": 17, "column": 28 }
      },
      "7": {
        "start": { "line": 20, "column": 4 },
        "end": { "line": 20, "column": 32 }
      },
      "8": {
        "start": { "line": 23, "column": 4 },
        "end": { "line": 23, "column": 34 }
      },
      "9": {
        "start": { "line": 26, "column": 4 },
        "end": { "line": 26, "column": 32 }
      },
      "10": {
        "start": { "line": 4, "column": 0 },
        "end": { "line": 4, "column": 13 }
      }
    },
    "fnMap": {
      "0": {
        "name": "(anonymous_0)",
        "decl": {
          "start": { "line": 6, "column": 2 },
          "end": { "line": 6, "column": 7 }
        },
        "loc": {
          "start": { "line": 6, "column": 42 },
          "end": { "line": 8, "column": 3 }
        }
      },
      "1": {
        "name": "(anonymous_1)",
        "decl": {
          "start": { "line": 10, "column": 2 },
          "end": { "line": 10, "column": 8 }
        },
        "loc": {
          "start": { "line": 10, "column": 28 },
          "end": { "line": 12, "column": 3 }
        }
      },
      "2": {
        "name": "(anonymous_2)",
        "decl": {
          "start": { "line": 13, "column": 2 },
          "end": { "line": 13, "column": 9 }
        },
        "loc": {
          "start": { "line": 13, "column": 23 },
          "end": { "line": 15, "column": 3 }
        }
      },
      "3": {
        "name": "(anonymous_3)",
        "decl": {
          "start": { "line": 16, "column": 2 },
          "end": { "line": 16, "column": 6 }
        },
        "loc": {
          "start": { "line": 16, "column": 6 },
          "end": { "line": 18, "column": 3 }
        }
      },
      "4": {
        "name": "(anonymous_4)",
        "decl": {
          "start": { "line": 19, "column": 2 },
          "end": { "line": 19, "column": 8 }
        },
        "loc": {
          "start": { "line": 19, "column": 19 },
          "end": { "line": 21, "column": 3 }
        }
      },
      "5": {
        "name": "(anonymous_5)",
        "decl": {
          "start": { "line": 22, "column": 2 },
          "end": { "line": 22, "column": 8 }
        },
        "loc": {
          "start": { "line": 22, "column": 19 },
          "end": { "line": 24, "column": 3 }
        }
      },
      "6": {
        "name": "(anonymous_6)",
        "decl": {
          "start": { "line": 25, "column": 2 },
          "end": { "line": 25, "column": 6 }
        },
        "loc": {
          "start": { "line": 25, "column": 17 },
          "end": { "line": 27, "column": 3 }
        }
      }
    },
    "branchMap": {},
    "s": {
      "0": 1,
      "1": 1,
      "2": 0,
      "3": 0,
      "4": 0,
      "5": 0,
      "6": 0,
      "7": 0,
      "8": 0,
      "9": 0,
      "10": 1
    },
    "f": { "0": 0, "1": 0, "2": 0, "3": 0, "4": 0, "5": 0, "6": 0 },
    "b": {}
  },
  "C:\\brief simplon\\exo_cicd\\server\\src\\modules\\user\\presentation\\user.controller.ts": {
    "path": "C:\\brief simplon\\exo_cicd\\server\\src\\modules\\user\\presentation\\user.controller.ts",
    "statementMap": {
      "0": {
        "start": { "line": 3, "column": 0 },
        "end": { "line": 3, "column": 62 }
      },
      "1": {
        "start": { "line": 4, "column": 0 },
        "end": { "line": 4, "column": 60 }
      },
      "2": {
        "start": { "line": 6, "column": 13 },
        "end": { "line": 6, "column": 33 }
      },
      "3": {
        "start": { "line": 10, "column": 4 },
        "end": { "line": 15, "column": 5 }
      },
      "4": {
        "start": { "line": 11, "column": 20 },
        "end": { "line": 11, "column": 37 }
      },
      "5": {
        "start": { "line": 12, "column": 6 },
        "end": { "line": 12, "column": 34 }
      },
      "6": {
        "start": { "line": 14, "column": 6 },
        "end": { "line": 14, "column": 18 }
      },
      "7": {
        "start": { "line": 18, "column": 4 },
        "end": { "line": 33, "column": 5 }
      },
      "8": {
        "start": { "line": 19, "column": 24 },
        "end": { "line": 19, "column": 34 }
      },
      "9": {
        "start": { "line": 21, "column": 6 },
        "end": { "line": 24, "column": 7 }
      },
      "10": {
        "start": { "line": 22, "column": 8 },
        "end": { "line": 22, "column": 69 }
      },
      "11": {
        "start": { "line": 23, "column": 8 },
        "end": { "line": 23, "column": 15 }
      },
      "12": {
        "start": { "line": 25, "column": 19 },
        "end": { "line": 25, "column": 44 }
      },
      "13": {
        "start": { "line": 26, "column": 6 },
        "end": { "line": 29, "column": 7 }
      },
      "14": {
        "start": { "line": 27, "column": 8 },
        "end": { "line": 27, "column": 60 }
      },
      "15": {
        "start": { "line": 28, "column": 8 },
        "end": { "line": 28, "column": 15 }
      },
      "16": {
        "start": { "line": 30, "column": 6 },
        "end": { "line": 30, "column": 33 }
      },
      "17": {
        "start": { "line": 32, "column": 6 },
        "end": { "line": 32, "column": 18 }
      },
      "18": {
        "start": { "line": 36, "column": 4 },
        "end": { "line": 49, "column": 5 }
      },
      "19": {
        "start": { "line": 37, "column": 44 },
        "end": { "line": 37, "column": 52 }
      },
      "20": {
        "start": { "line": 38, "column": 6 },
        "end": { "line": 41, "column": 7 }
      },
      "21": {
        "start": { "line": 39, "column": 8 },
        "end": { "line": 39, "column": 69 }
      },
      "22": {
        "start": { "line": 40, "column": 8 },
        "end": { "line": 40, "column": 15 }
      },
      "23": {
        "start": { "line": 42, "column": 25 },
        "end": { "line": 42, "column": 53 }
      },
      "24": {
        "start": { "line": 43, "column": 19 },
        "end": { "line": 43, "column": 74 }
      },
      "25": {
        "start": { "line": 44, "column": 24 },
        "end": { "line": 44, "column": 39 }
      },
      "26": {
        "start": { "line": 46, "column": 6 },
        "end": { "line": 46, "column": 38 }
      },
      "27": {
        "start": { "line": 48, "column": 6 },
        "end": { "line": 48, "column": 18 }
      },
      "28": {
        "start": { "line": 57, "column": 4 },
        "end": { "line": 78, "column": 5 }
      },
      "29": {
        "start": { "line": 58, "column": 20 },
        "end": { "line": 58, "column": 36 }
      },
      "30": {
        "start": { "line": 59, "column": 6 },
        "end": { "line": 62, "column": 7 }
      },
      "31": {
        "start": { "line": 60, "column": 8 },
        "end": { "line": 60, "column": 69 }
      },
      "32": {
        "start": { "line": 61, "column": 8 },
        "end": { "line": 61, "column": 15 }
      },
      "33": {
        "start": { "line": 63, "column": 19 },
        "end": { "line": 63, "column": 44 }
      },
      "34": {
        "start": { "line": 64, "column": 6 },
        "end": { "line": 67, "column": 7 }
      },
      "35": {
        "start": { "line": 65, "column": 8 },
        "end": { "line": 65, "column": 60 }
      },
      "36": {
        "start": { "line": 66, "column": 8 },
        "end": { "line": 66, "column": 15 }
      },
      "37": {
        "start": { "line": 68, "column": 37 },
        "end": { "line": 68, "column": 45 }
      },
      "38": {
        "start": { "line": 69, "column": 37 },
        "end": { "line": 69, "column": 39 }
      },
      "39": {
        "start": { "line": 70, "column": 6 },
        "end": { "line": 70, "column": 48 }
      },
      "40": {
        "start": { "line": 70, "column": 20 },
        "end": { "line": 70, "column": 48 }
      },
      "41": {
        "start": { "line": 71, "column": 6 },
        "end": { "line": 71, "column": 48 }
      },
      "42": {
        "start": { "line": 71, "column": 20 },
        "end": { "line": 71, "column": 48 }
      },
      "43": {
        "start": { "line": 73, "column": 6 },
        "end": { "line": 73, "column": 32 }
      },
      "44": {
        "start": { "line": 74, "column": 26 },
        "end": { "line": 74, "column": 49 }
      },
      "45": {
        "start": { "line": 75, "column": 6 },
        "end": { "line": 75, "column": 40 }
      },
      "46": {
        "start": { "line": 77, "column": 6 },
        "end": { "line": 77, "column": 18 }
      },
      "47": {
        "start": { "line": 85, "column": 4 },
        "end": { "line": 100, "column": 5 }
      },
      "48": {
        "start": { "line": 86, "column": 20 },
        "end": { "line": 86, "column": 36 }
      },
      "49": {
        "start": { "line": 87, "column": 6 },
        "end": { "line": 90, "column": 7 }
      },
      "50": {
        "start": { "line": 88, "column": 8 },
        "end": { "line": 88, "column": 69 }
      },
      "51": {
        "start": { "line": 89, "column": 8 },
        "end": { "line": 89, "column": 15 }
      },
      "52": {
        "start": { "line": 91, "column": 19 },
        "end": { "line": 91, "column": 44 }
      },
      "53": {
        "start": { "line": 92, "column": 6 },
        "end": { "line": 95, "column": 7 }
      },
      "54": {
        "start": { "line": 93, "column": 8 },
        "end": { "line": 93, "column": 60 }
      },
      "55": {
        "start": { "line": 94, "column": 8 },
        "end": { "line": 94, "column": 15 }
      },
      "56": {
        "start": { "line": 96, "column": 6 },
        "end": { "line": 96, "column": 30 }
      },
      "57": {
        "start": { "line": 97, "column": 6 },
        "end": { "line": 97, "column": 26 }
      },
      "58": {
        "start": { "line": 99, "column": 6 },
        "end": { "line": 99, "column": 18 }
      },
      "59": {
        "start": { "line": 8, "column": 0 },
        "end": { "line": 8, "column": 13 }
      }
    },
    "fnMap": {
      "0": {
        "name": "(anonymous_0)",
        "decl": {
          "start": { "line": 9, "column": 2 },
          "end": { "line": 9, "column": 7 }
        },
        "loc": {
          "start": { "line": 9, "column": 60 },
          "end": { "line": 16, "column": 3 }
        }
      },
      "1": {
        "name": "(anonymous_1)",
        "decl": {
          "start": { "line": 17, "column": 2 },
          "end": { "line": 17, "column": 7 }
        },
        "loc": {
          "start": { "line": 17, "column": 60 },
          "end": { "line": 34, "column": 3 }
        }
      },
      "2": {
        "name": "(anonymous_2)",
        "decl": {
          "start": { "line": 35, "column": 2 },
          "end": { "line": 35, "column": 7 }
        },
        "loc": {
          "start": { "line": 35, "column": 59 },
          "end": { "line": 50, "column": 3 }
        }
      },
      "3": {
        "name": "(anonymous_3)",
        "decl": {
          "start": { "line": 52, "column": 2 },
          "end": { "line": 52, "column": 7 }
        },
        "loc": {
          "start": { "line": 55, "column": 22 },
          "end": { "line": 79, "column": 3 }
        }
      },
      "4": {
        "name": "(anonymous_4)",
        "decl": {
          "start": { "line": 80, "column": 2 },
          "end": { "line": 80, "column": 7 }
        },
        "loc": {
          "start": { "line": 83, "column": 22 },
          "end": { "line": 101, "column": 3 }
        }
      }
    },
    "branchMap": {
      "0": {
        "loc": {
          "start": { "line": 21, "column": 6 },
          "end": { "line": 24, "column": 7 }
        },
        "type": "if",
        "locations": [
          {
            "start": { "line": 21, "column": 6 },
            "end": { "line": 24, "column": 7 }
          },
          { "start": {}, "end": {} }
        ]
      },
      "1": {
        "loc": {
          "start": { "line": 21, "column": 10 },
          "end": { "line": 21, "column": 40 }
        },
        "type": "binary-expr",
        "locations": [
          {
            "start": { "line": 21, "column": 10 },
            "end": { "line": 21, "column": 16 }
          },
          {
            "start": { "line": 21, "column": 20 },
            "end": { "line": 21, "column": 40 }
          }
        ]
      },
      "2": {
        "loc": {
          "start": { "line": 26, "column": 6 },
          "end": { "line": 29, "column": 7 }
        },
        "type": "if",
        "locations": [
          {
            "start": { "line": 26, "column": 6 },
            "end": { "line": 29, "column": 7 }
          },
          { "start": {}, "end": {} }
        ]
      },
      "3": {
        "loc": {
          "start": { "line": 38, "column": 6 },
          "end": { "line": 41, "column": 7 }
        },
        "type": "if",
        "locations": [
          {
            "start": { "line": 38, "column": 6 },
            "end": { "line": 41, "column": 7 }
          },
          { "start": {}, "end": {} }
        ]
      },
      "4": {
        "loc": {
          "start": { "line": 38, "column": 10 },
          "end": { "line": 38, "column": 42 }
        },
        "type": "binary-expr",
        "locations": [
          {
            "start": { "line": 38, "column": 10 },
            "end": { "line": 38, "column": 19 }
          },
          {
            "start": { "line": 38, "column": 23 },
            "end": { "line": 38, "column": 29 }
          },
          {
            "start": { "line": 38, "column": 33 },
            "end": { "line": 38, "column": 42 }
          }
        ]
      },
      "5": {
        "loc": {
          "start": { "line": 59, "column": 6 },
          "end": { "line": 62, "column": 7 }
        },
        "type": "if",
        "locations": [
          {
            "start": { "line": 59, "column": 6 },
            "end": { "line": 62, "column": 7 }
          },
          { "start": {}, "end": {} }
        ]
      },
      "6": {
        "loc": {
          "start": { "line": 59, "column": 10 },
          "end": { "line": 59, "column": 40 }
        },
        "type": "binary-expr",
        "locations": [
          {
            "start": { "line": 59, "column": 10 },
            "end": { "line": 59, "column": 16 }
          },
          {
            "start": { "line": 59, "column": 20 },
            "end": { "line": 59, "column": 40 }
          }
        ]
      },
      "7": {
        "loc": {
          "start": { "line": 64, "column": 6 },
          "end": { "line": 67, "column": 7 }
        },
        "type": "if",
        "locations": [
          {
            "start": { "line": 64, "column": 6 },
            "end": { "line": 67, "column": 7 }
          },
          { "start": {}, "end": {} }
        ]
      },
      "8": {
        "loc": {
          "start": { "line": 70, "column": 6 },
          "end": { "line": 70, "column": 48 }
        },
        "type": "if",
        "locations": [
          {
            "start": { "line": 70, "column": 6 },
            "end": { "line": 70, "column": 48 }
          },
          { "start": {}, "end": {} }
        ]
      },
      "9": {
        "loc": {
          "start": { "line": 71, "column": 6 },
          "end": { "line": 71, "column": 48 }
        },
        "type": "if",
        "locations": [
          {
            "start": { "line": 71, "column": 6 },
            "end": { "line": 71, "column": 48 }
          },
          { "start": {}, "end": {} }
        ]
      },
      "10": {
        "loc": {
          "start": { "line": 87, "column": 6 },
          "end": { "line": 90, "column": 7 }
        },
        "type": "if",
        "locations": [
          {
            "start": { "line": 87, "column": 6 },
            "end": { "line": 90, "column": 7 }
          },
          { "start": {}, "end": {} }
        ]
      },
      "11": {
        "loc": {
          "start": { "line": 87, "column": 10 },
          "end": { "line": 87, "column": 40 }
        },
        "type": "binary-expr",
        "locations": [
          {
            "start": { "line": 87, "column": 10 },
            "end": { "line": 87, "column": 16 }
          },
          {
            "start": { "line": 87, "column": 20 },
            "end": { "line": 87, "column": 40 }
          }
        ]
      },
      "12": {
        "loc": {
          "start": { "line": 92, "column": 6 },
          "end": { "line": 95, "column": 7 }
        },
        "type": "if",
        "locations": [
          {
            "start": { "line": 92, "column": 6 },
            "end": { "line": 95, "column": 7 }
          },
          { "start": {}, "end": {} }
        ]
      }
    },
    "s": {
      "0": 1,
      "1": 1,
      "2": 1,
      "3": 1,
      "4": 1,
      "5": 1,
      "6": 0,
      "7": 0,
      "8": 0,
      "9": 0,
      "10": 0,
      "11": 0,
      "12": 0,
      "13": 0,
      "14": 0,
      "15": 0,
      "16": 0,
      "17": 0,
      "18": 0,
      "19": 0,
      "20": 0,
      "21": 0,
      "22": 0,
      "23": 0,
      "24": 0,
      "25": 0,
      "26": 0,
      "27": 0,
      "28": 0,
      "29": 0,
      "30": 0,
      "31": 0,
      "32": 0,
      "33": 0,
      "34": 0,
      "35": 0,
      "36": 0,
      "37": 0,
      "38": 0,
      "39": 0,
      "40": 0,
      "41": 0,
      "42": 0,
      "43": 0,
      "44": 0,
      "45": 0,
      "46": 0,
      "47": 0,
      "48": 0,
      "49": 0,
      "50": 0,
      "51": 0,
      "52": 0,
      "53": 0,
      "54": 0,
      "55": 0,
      "56": 0,
      "57": 0,
      "58": 0,
      "59": 1
    },
    "f": { "0": 1, "1": 0, "2": 0, "3": 0, "4": 0 },
    "b": {
      "0": [0, 0],
      "1": [0, 0],
      "2": [0, 0],
      "3": [0, 0],
      "4": [0, 0, 0],
      "5": [0, 0],
      "6": [0, 0],
      "7": [0, 0],
      "8": [0, 0],
      "9": [0, 0],
      "10": [0, 0],
      "11": [0, 0],
      "12": [0, 0]
    }
  },
  "C:\\brief simplon\\exo_cicd\\server\\src\\shared\\types\\hash.ts": {
    "path": "C:\\brief simplon\\exo_cicd\\server\\src\\shared\\types\\hash.ts",
    "statementMap": {
      "0": {
        "start": { "line": 3, "column": 0 },
        "end": { "line": 3, "column": 7 }
      },
      "1": {
        "start": { "line": 6, "column": 0 },
        "end": { "line": 6, "column": 7 }
      },
      "2": {
        "start": { "line": 1, "column": 0 },
        "end": { "line": 1, "column": 33 }
      },
      "3": {
        "start": { "line": 4, "column": 4 },
        "end": { "line": 4, "column": 39 }
      },
      "4": {
        "start": { "line": 10, "column": 1 },
        "end": { "line": 10, "column": null }
      }
    },
    "fnMap": {
      "0": {
        "name": "hashPassord",
        "decl": {
          "start": { "line": 3, "column": 22 },
          "end": { "line": 3, "column": 33 }
        },
        "loc": {
          "start": { "line": 3, "column": 50 },
          "end": { "line": 5, "column": 1 }
        }
      },
      "1": {
        "name": "verifypassword",
        "decl": {
          "start": { "line": 6, "column": 22 },
          "end": { "line": 6, "column": 36 }
        },
        "loc": {
          "start": { "line": 8, "column": 20 },
          "end": { "line": 11, "column": 1 }
        }
      }
    },
    "branchMap": {},
    "s": { "0": 1, "1": 1, "2": 1, "3": 0, "4": 0 },
    "f": { "0": 0, "1": 0 },
    "b": {}
  }
}
